[0.009s] Invoking command in '/home/daguill/my_ws/build/c_int': CMAKE_PREFIX_PATH=/opt/ros/humble /usr/bin/cmake --build /home/daguill/my_ws/build/c_int -- -j12 -l12
[0.038s] [35m[1mConsolidate compiler generated dependencies of target pub_array[0m
[0.049s] [ 50%] [32mBuilding CXX object CMakeFiles/pub_array.dir/src/array_pub.cpp.o[0m
[1.770s] [01m[K/home/daguill/my_ws/src/c_int/src/array_pub.cpp:[m[K In constructor â€˜[01m[KArrayPublisher::ArrayPublisher()[m[Kâ€™:
[1.770s] [01m[K/home/daguill/my_ws/src/c_int/src/array_pub.cpp:15:28:[m[K [01;31m[Kerror: [m[Kclass â€˜[01m[KArrayPublisher[m[Kâ€™ does not have any field named â€˜[01m[Ka[m[Kâ€™
[1.770s]    15 |   : Node("ArrayPublisher"),[01;31m[Ka[m[K=0,b=0,c=0
[1.771s]       |                            [01;31m[K^[m[K
[1.771s] [01m[K/home/daguill/my_ws/src/c_int/src/array_pub.cpp:15:29:[m[K [01;31m[Kerror: [m[Kexpected â€˜[01m[K([m[Kâ€™ before â€˜[01m[K=[m[Kâ€™ token
[1.771s]    15 |   : Node("ArrayPublisher"),a[01;31m[K=[m[K0,b=0,c=0
[1.771s]       |                             [01;31m[K^[m[K
[1.771s] [01m[K/home/daguill/my_ws/src/c_int/src/array_pub.cpp:15:29:[m[K [01;31m[Kerror: [m[Kexpected â€˜[01m[K{[m[Kâ€™ before â€˜[01m[K=[m[Kâ€™ token
[2.117s] gmake[2]: *** [CMakeFiles/pub_array.dir/build.make:76: CMakeFiles/pub_array.dir/src/array_pub.cpp.o] Error 1
[2.118s] gmake[1]: *** [CMakeFiles/Makefile2:137: CMakeFiles/pub_array.dir/all] Error 2
[2.118s] gmake: *** [Makefile:146: all] Error 2
[2.119s] Invoked command in '/home/daguill/my_ws/build/c_int' returned '2': CMAKE_PREFIX_PATH=/opt/ros/humble /usr/bin/cmake --build /home/daguill/my_ws/build/c_int -- -j12 -l12
