[01m[K/home/daguill/my_ws/src/c_int/src/array_pub.cpp:[m[K In constructor â€˜[01m[KArrayPublisher::ArrayPublisher()[m[Kâ€™:
[01m[K/home/daguill/my_ws/src/c_int/src/array_pub.cpp:19:9:[m[K [01;35m[Kwarning: [m[Kunused variable â€˜[01m[Ka[m[Kâ€™ [[01;35m[K]8;;https://gcc.gnu.org/onlinedocs/gcc/Warning-Options.html#index-Wunused-variable-Wunused-variable]8;;[m[K]
   19 |     int [01;35m[Ka[m[K=0,b=0,c=0;
      |         [01;35m[K^[m[K
[01m[K/home/daguill/my_ws/src/c_int/src/array_pub.cpp:19:13:[m[K [01;35m[Kwarning: [m[Kunused variable â€˜[01m[Kb[m[Kâ€™ [[01;35m[K]8;;https://gcc.gnu.org/onlinedocs/gcc/Warning-Options.html#index-Wunused-variable-Wunused-variable]8;;[m[K]
   19 |     int a=0,[01;35m[Kb[m[K=0,c=0;
      |             [01;35m[K^[m[K
[01m[K/home/daguill/my_ws/src/c_int/src/array_pub.cpp:19:17:[m[K [01;35m[Kwarning: [m[Kunused variable â€˜[01m[Kc[m[Kâ€™ [[01;35m[K]8;;https://gcc.gnu.org/onlinedocs/gcc/Warning-Options.html#index-Wunused-variable-Wunused-variable]8;;[m[K]
   19 |     int a=0,b=0,[01;35m[Kc[m[K=0;
      |                 [01;35m[K^[m[K
[01m[K/home/daguill/my_ws/src/c_int/src/array_pub.cpp:[m[K In member function â€˜[01m[Kvoid ArrayPublisher::timer_callback()[m[Kâ€™:
[01m[K/home/daguill/my_ws/src/c_int/src/array_pub.cpp:26:5:[m[K [01;31m[Kerror: [m[Kâ€˜[01m[Ka[m[Kâ€™ was not declared in this scope
   26 |     [01;31m[Ka[m[K++;
      |     [01;31m[K^[m[K
[01m[K/home/daguill/my_ws/src/c_int/src/array_pub.cpp:27:5:[m[K [01;31m[Kerror: [m[Kâ€˜[01m[Kc[m[Kâ€™ was not declared in this scope
   27 |     [01;31m[Kc[m[K++;
      |     [01;31m[K^[m[K
[01m[K/home/daguill/my_ws/src/c_int/src/array_pub.cpp:29:28:[m[K [01;31m[Kerror: [m[Kâ€˜[01m[Kb[m[Kâ€™ was not declared in this scope
   29 |     message.data.push_back([01;31m[Kb[m[K);
      |                            [01;31m[K^[m[K
In file included from [01m[K/opt/ros/humble/include/rclcpp/rclcpp/logging.hpp:24[m[K,
                 from [01m[K/opt/ros/humble/include/rclcpp/rclcpp/client.hpp:40[m[K,
                 from [01m[K/opt/ros/humble/include/rclcpp/rclcpp/callback_group.hpp:24[m[K,
                 from [01m[K/opt/ros/humble/include/rclcpp/rclcpp/any_executable.hpp:20[m[K,
                 from [01m[K/opt/ros/humble/include/rclcpp/rclcpp/memory_strategy.hpp:25[m[K,
                 from [01m[K/opt/ros/humble/include/rclcpp/rclcpp/memory_strategies.hpp:18[m[K,
                 from [01m[K/opt/ros/humble/include/rclcpp/rclcpp/executor_options.hpp:20[m[K,
                 from [01m[K/opt/ros/humble/include/rclcpp/rclcpp/executor.hpp:37[m[K,
                 from [01m[K/opt/ros/humble/include/rclcpp/rclcpp/executors/multi_threaded_executor.hpp:25[m[K,
                 from [01m[K/opt/ros/humble/include/rclcpp/rclcpp/executors.hpp:21[m[K,
                 from [01m[K/opt/ros/humble/include/rclcpp/rclcpp/rclcpp.hpp:155[m[K,
                 from [01m[K/home/daguill/my_ws/src/c_int/src/array_pub.cpp:6[m[K:
[01m[K/home/daguill/my_ws/src/c_int/src/array_pub.cpp:32:70:[m[K [01;31m[Kerror: [m[Kâ€˜[01m[Kusing _data_type = class std::vector<signed char, std::allocator<signed char> >[m[Kâ€™ {aka â€˜[01m[Kclass std::vector<signed char, std::allocator<signed char> >[m[Kâ€™} has no member named â€˜[01m[Kc_str[m[Kâ€™
   32 |     RCLCPP_INFO(this->get_logger(), "Publishing: '%s'", message.data.[01;31m[Kc_str[m[K());
      |                                                                      [01;31m[K^~~~~[m[K
gmake[2]: *** [CMakeFiles/pub_array.dir/build.make:76: CMakeFiles/pub_array.dir/src/array_pub.cpp.o] Error 1
gmake[1]: *** [CMakeFiles/Makefile2:137: CMakeFiles/pub_array.dir/all] Error 2
gmake: *** [Makefile:146: all] Error 2
