[0.008s] Invoking command in '/home/daguill/my_ws/src/build/c_arith': CMAKE_PREFIX_PATH=${CMAKE_PREFIX_PATH}:/home/daguill/my_ws/install/p_int:/home/daguill/my_ws/install/p_pckg:/opt/ros/humble /usr/bin/cmake /home/daguill/my_ws/src/c_arith -DCMAKE_INSTALL_PREFIX=/home/daguill/my_ws/src/install/c_arith
[0.382s] -- The C compiler identification is GNU 11.4.0
[0.593s] -- The CXX compiler identification is GNU 11.4.0
[0.605s] -- Detecting C compiler ABI info
[0.659s] -- Detecting C compiler ABI info - done
[0.666s] -- Check for working C compiler: /usr/bin/cc - skipped
[0.671s] -- Detecting C compile features
[0.680s] -- Detecting C compile features - done
[0.698s] -- Detecting CXX compiler ABI info
[0.815s] -- Detecting CXX compiler ABI info - done
[0.824s] -- Check for working CXX compiler: /usr/bin/c++ - skipped
[0.824s] -- Detecting CXX compile features
[0.824s] -- Detecting CXX compile features - done
[0.828s] -- Found ament_cmake: 1.3.10 (/opt/ros/humble/share/ament_cmake/cmake)
[0.998s] -- Found Python3: /usr/bin/python3 (found version "3.10.12") found components: Interpreter 
[1.135s] -- Found rclcpp: 16.0.10 (/opt/ros/humble/share/rclcpp/cmake)
[1.182s] -- Found rosidl_generator_c: 3.1.5 (/opt/ros/humble/share/rosidl_generator_c/cmake)
[1.191s] -- Found rosidl_adapter: 3.1.5 (/opt/ros/humble/share/rosidl_adapter/cmake)
[1.202s] -- Found rosidl_generator_cpp: 3.1.5 (/opt/ros/humble/share/rosidl_generator_cpp/cmake)
[1.217s] -- Using all available rosidl_typesupport_c: rosidl_typesupport_fastrtps_c;rosidl_typesupport_introspection_c
[1.238s] -- Using all available rosidl_typesupport_cpp: rosidl_typesupport_fastrtps_cpp;rosidl_typesupport_introspection_cpp
[1.287s] -- Found rmw_implementation_cmake: 6.1.2 (/opt/ros/humble/share/rmw_implementation_cmake/cmake)
[1.290s] -- Found rmw_fastrtps_cpp: 6.2.7 (/opt/ros/humble/share/rmw_fastrtps_cpp/cmake)
[1.363s] -- Found OpenSSL: /usr/lib/x86_64-linux-gnu/libcrypto.so (found version "3.0.2")  
[1.384s] -- Found FastRTPS: /opt/ros/humble/include  
[1.413s] -- Using RMW implementation 'rmw_fastrtps_cpp' as default
[1.423s] -- Looking for pthread.h
[1.485s] -- Looking for pthread.h - found
[1.486s] -- Performing Test CMAKE_HAVE_LIBC_PTHREAD
[1.541s] -- Performing Test CMAKE_HAVE_LIBC_PTHREAD - Success
[1.542s] -- Found Threads: TRUE  
[1.604s] -- Found ament_lint_auto: 0.12.11 (/opt/ros/humble/share/ament_lint_auto/cmake)
[1.676s] -- Added test 'cppcheck' to perform static code analysis on C / C++ code
[1.676s] -- Configured cppcheck include dirs: 
[1.676s] -- Configured cppcheck exclude dirs and/or files: 
[1.677s] -- Added test 'flake8' to check Python code syntax and style conventions
[1.677s] -- Added test 'lint_cmake' to check CMake code style
[1.678s] -- Added test 'pep257' to check Python code against some of the docstring style conventions in PEP 257
[1.679s] -- Added test 'uncrustify' to check C / C++ code style
[1.679s] -- Configured uncrustify additional arguments: 
[1.679s] -- Added test 'xmllint' to check XML markup files
[1.681s] -- Configuring done
[1.687s] -- Generating done
[1.688s] -- Build files have been written to: /home/daguill/my_ws/src/build/c_arith
[1.693s] Invoked command in '/home/daguill/my_ws/src/build/c_arith' returned '0': CMAKE_PREFIX_PATH=${CMAKE_PREFIX_PATH}:/home/daguill/my_ws/install/p_int:/home/daguill/my_ws/install/p_pckg:/opt/ros/humble /usr/bin/cmake /home/daguill/my_ws/src/c_arith -DCMAKE_INSTALL_PREFIX=/home/daguill/my_ws/src/install/c_arith
[1.695s] Invoking command in '/home/daguill/my_ws/src/build/c_arith': CMAKE_PREFIX_PATH=${CMAKE_PREFIX_PATH}:/home/daguill/my_ws/install/p_int:/home/daguill/my_ws/install/p_pckg:/opt/ros/humble /usr/bin/cmake --build /home/daguill/my_ws/src/build/c_arith -- -j12 -l12
[1.732s] [ 50%] [32mBuilding CXX object CMakeFiles/sum_array.dir/src/sum.cpp.o[0m
[4.065s] [100%] [32m[1mLinking CXX executable sum_array[0m
[4.135s] /usr/bin/ld: /usr/lib/gcc/x86_64-linux-gnu/11/../../../x86_64-linux-gnu/Scrt1.o: in function `_start':
[4.135s] (.text+0x1b): undefined reference to `main'
[4.138s] collect2: error: ld returned 1 exit status
[4.139s] gmake[2]: *** [CMakeFiles/sum_array.dir/build.make:159: sum_array] Error 1
[4.139s] gmake[1]: *** [CMakeFiles/Makefile2:137: CMakeFiles/sum_array.dir/all] Error 2
[4.139s] gmake: *** [Makefile:146: all] Error 2
[4.142s] Invoked command in '/home/daguill/my_ws/src/build/c_arith' returned '2': CMAKE_PREFIX_PATH=${CMAKE_PREFIX_PATH}:/home/daguill/my_ws/install/p_int:/home/daguill/my_ws/install/p_pckg:/opt/ros/humble /usr/bin/cmake --build /home/daguill/my_ws/src/build/c_arith -- -j12 -l12
