[0.009s] Invoking command in '/home/daguill/my_ws/build/c_int': CMAKE_PREFIX_PATH=${CMAKE_PREFIX_PATH}:/home/daguill/my_ws/install/p_pckg:/opt/ros/humble /usr/bin/cmake --build /home/daguill/my_ws/build/c_int -- -j12 -l12
[0.038s] [35m[1mConsolidate compiler generated dependencies of target pub_array[0m
[0.049s] [ 50%] [32mBuilding CXX object CMakeFiles/pub_array.dir/src/array_pub.cpp.o[0m
[0.206s] [01m[K/home/daguill/my_ws/src/c_int/src/array_pub.cpp:33:6:[m[K [01;31m[Kerror: [m[Kinvalid preprocessing directive #RCLCPP_INFO
[0.206s]    33 |     #[01;31m[KRCLCPP_INFO[m[K(this->get_logger(), "Publishing: '%s'", ;
[0.206s]       |      [01;31m[K^~~~~~~~~~~[m[K
[1.782s] [01m[K/home/daguill/my_ws/src/c_int/src/array_pub.cpp:21:3:[m[K [01;31m[Kerror: [m[Kâ€˜[01m[Kstring[m[Kâ€™ does not name a type; did you mean â€˜[01m[Kstdin[m[Kâ€™?
[1.782s]    21 |   [01;31m[Kstring[m[K info ="";
[1.782s]       |   [01;31m[K^~~~~~[m[K
[1.782s]       |   [32m[Kstdin[m[K
[1.794s] [01m[K/home/daguill/my_ws/src/c_int/src/array_pub.cpp:[m[K In member function â€˜[01m[Kvoid ArrayPublisher::timer_callback()[m[Kâ€™:
[1.794s] [01m[K/home/daguill/my_ws/src/c_int/src/array_pub.cpp:32:5:[m[K [01;31m[Kerror: [m[Kâ€˜[01m[Kstring[m[Kâ€™ was not declared in this scope
[1.794s]    32 |     [01;31m[Kstring[m[K = "Publishing : " + to_string(a); + " " + to_string(b) + " "+ to_string(c);
[1.794s]       |     [01;31m[K^~~~~~[m[K
[1.798s] [01m[K/home/daguill/my_ws/src/c_int/src/array_pub.cpp:32:5:[m[K [01;36m[Knote: [m[Ksuggested alternatives:
[1.798s] In file included from [01m[K/usr/include/c++/11/iosfwd:39[m[K,
[1.798s]                  from [01m[K/usr/include/c++/11/bits/shared_ptr.h:52[m[K,
[1.798s]                  from [01m[K/usr/include/c++/11/memory:77[m[K,
[1.798s]                  from [01m[K/home/daguill/my_ws/src/c_int/src/array_pub.cpp:3[m[K:
[1.799s] [01m[K/usr/include/c++/11/bits/stringfwd.h:79:33:[m[K [01;36m[Knote: [m[K  â€˜[01m[Kstd::string[m[Kâ€™
[1.799s]    79 |   typedef basic_string<char>    [01;36m[Kstring[m[K;
[1.799s]       |                                 [01;36m[K^~~~~~[m[K
[1.799s] In file included from [01m[K/home/daguill/my_ws/src/c_int/src/array_pub.cpp:4[m[K:
[1.799s] [01m[K/usr/include/c++/11/string:67:11:[m[K [01;36m[Knote: [m[K  â€˜[01m[Kstd::pmr::string[m[Kâ€™
[1.799s]    67 |     using [01;36m[Kstring[m[K    = basic_string<char>;
[1.799s]       |           [01;36m[K^~~~~~[m[K
[1.799s] [01m[K/home/daguill/my_ws/src/c_int/src/array_pub.cpp:32:32:[m[K [01;31m[Kerror: [m[Kâ€˜[01m[Kto_string[m[Kâ€™ was not declared in this scope
[1.799s]    32 |  string = "Publishing : " + [01;31m[Kto_string[m[K(a); + " " + to_string(b) + " "+ to_string(c);
[1.799s]       |                             [01;31m[K^~~~~~~~~[m[K
[1.799s] 
[1.799s] [01m[K/home/daguill/my_ws/src/c_int/src/array_pub.cpp:32:32:[m[K [01;36m[Knote: [m[Ksuggested alternatives:
[1.799s] In file included from [01m[K/usr/include/c++/11/string:55[m[K,
[1.799s]                  from [01m[K/home/daguill/my_ws/src/c_int/src/array_pub.cpp:4[m[K:
[1.800s] [01m[K/usr/include/c++/11/bits/basic_string.h:6739:3:[m[K [01;36m[Knote: [m[K  â€˜[01m[Kstd::__cxx11::to_string[m[Kâ€™
[1.800s]  6739 |   [01;36m[Kto_string[m[K(long double __val)
[1.800s]       |   [01;36m[K^~~~~~~~~[m[K
[1.800s] In file included from [01m[K/opt/ros/humble/include/rclcpp/rclcpp/parameter.hpp:26[m[K,
[1.800s]                  from [01m[K/opt/ros/humble/include/rclcpp/rclcpp/node_interfaces/node_parameters_interface.hpp:28[m[K,
[1.800s]                  from [01m[K/opt/ros/humble/include/rclcpp/rclcpp/node.hpp:54[m[K,
[1.800s]                  from [01m[K/opt/ros/humble/include/rclcpp/rclcpp/executors/single_threaded_executor.hpp:28[m[K,
[1.800s]                  from [01m[K/opt/ros/humble/include/rclcpp/rclcpp/executors.hpp:22[m[K,
[1.800s]                  from [01m[K/opt/ros/humble/include/rclcpp/rclcpp/rclcpp.hpp:155[m[K,
[1.800s]                  from [01m[K/home/daguill/my_ws/src/c_int/src/array_pub.cpp:6[m[K:
[1.800s] [01m[K/opt/ros/humble/include/rclcpp/rclcpp/parameter_value.hpp:361:1:[m[K [01;36m[Knote: [m[K  â€˜[01m[Krclcpp::to_string[m[Kâ€™
[1.800s]   361 | [01;36m[Kto_string[m[K(const ParameterValue & type);
[1.800s]       | [01;36m[K^~~~~~~~~[m[K
[2.436s] gmake[2]: *** [CMakeFiles/pub_array.dir/build.make:76: CMakeFiles/pub_array.dir/src/array_pub.cpp.o] Error 1
[2.436s] gmake[1]: *** [CMakeFiles/Makefile2:137: CMakeFiles/pub_array.dir/all] Error 2
[2.437s] gmake: *** [Makefile:146: all] Error 2
[2.438s] Invoked command in '/home/daguill/my_ws/build/c_int' returned '2': CMAKE_PREFIX_PATH=${CMAKE_PREFIX_PATH}:/home/daguill/my_ws/install/p_pckg:/opt/ros/humble /usr/bin/cmake --build /home/daguill/my_ws/build/c_int -- -j12 -l12
