[0.009s] Invoking command in '/home/daguill/my_ws/build/c_int': CMAKE_PREFIX_PATH=/opt/ros/humble /usr/bin/cmake --build /home/daguill/my_ws/build/c_int -- -j12 -l12
[0.040s] [35m[1mConsolidate compiler generated dependencies of target sub_array[0m
[0.049s] [ 50%] Built target pub_array
[0.051s] [ 75%] [32mBuilding CXX object CMakeFiles/sub_array.dir/src/array_sub.cpp.o[0m
[1.789s] [01m[K/home/daguill/my_ws/src/c_int/src/array_sub.cpp:25:39:[m[K [01;31m[Kerror: [m[Kâ€˜[01m[KString[m[Kâ€™ is not a member of â€˜[01m[Kstd_msgs::msg[m[Kâ€™
[1.789s]    25 |   rclcpp::Subscription<std_msgs::msg::[01;31m[KString[m[K>::SharedPtr subscription_;
[1.789s]       |                                       [01;31m[K^~~~~~[m[K
[1.789s] [01m[K/home/daguill/my_ws/src/c_int/src/array_sub.cpp:25:45:[m[K [01;31m[Kerror: [m[Ktemplate argument 1 is invalid
[1.789s]    25 |   rclcpp::Subscription<std_msgs::msg::String[01;31m[K>[m[K::SharedPtr subscription_;
[1.789s]       |                                             [01;31m[K^[m[K
[1.789s] [01m[K/home/daguill/my_ws/src/c_int/src/array_sub.cpp:25:45:[m[K [01;31m[Kerror: [m[Ktemplate argument 3 is invalid
[1.789s] [01m[K/home/daguill/my_ws/src/c_int/src/array_sub.cpp:25:45:[m[K [01;31m[Kerror: [m[Ktemplate argument 4 is invalid
[1.790s] [01m[K/home/daguill/my_ws/src/c_int/src/array_sub.cpp:25:45:[m[K [01;31m[Kerror: [m[Ktemplate argument 5 is invalid
[1.790s] [01m[K/home/daguill/my_ws/src/c_int/src/array_sub.cpp:25:48:[m[K [01;31m[Kerror: [m[Kexpected â€˜[01m[K;[m[Kâ€™ at end of member declaration
[1.790s]    25 |   rclcpp::Subscription<std_msgs::msg::String>::[01;31m[KSharedPtr[m[K subscription_;
[1.790s]       |                                                [01;31m[K^~~~~~~~~[m[K
[1.790s]       |                                                         [32m[K;[m[K
[1.791s] [01m[K/home/daguill/my_ws/src/c_int/src/array_sub.cpp:25:58:[m[K [01;31m[Kerror: [m[Kâ€˜[01m[Ksubscription_[m[Kâ€™ does not name a type; did you mean â€˜[01m[Krmw_subscription_t[m[Kâ€™?
[1.791s]    25 |   rclcpp::Subscription<std_msgs::msg::String>::SharedPtr [01;31m[Ksubscription_[m[K;
[1.791s]       |                                                          [01;31m[K^~~~~~~~~~~~~[m[K
[1.791s]       |                                                          [32m[Krmw_subscription_t[m[K
[1.797s] [01m[K/home/daguill/my_ws/src/c_int/src/array_sub.cpp:[m[K In constructor â€˜[01m[KArraySuscriber::ArraySuscriber()[m[Kâ€™:
[1.797s] [01m[K/home/daguill/my_ws/src/c_int/src/array_sub.cpp:16:5:[m[K [01;31m[Kerror: [m[Kâ€˜[01m[Ksubscription_[m[Kâ€™ was not declared in this scope; did you mean â€˜[01m[Krmw_subscription_t[m[Kâ€™?
[1.797s]    16 |     [01;31m[Ksubscription_[m[K = this->create_subscription<std_msgs::msg::Int8MultiArray>(
[1.797s]       |     [01;31m[K^~~~~~~~~~~~~[m[K
[1.797s]       |     [32m[Krmw_subscription_t[m[K
[1.835s] In file included from [01m[K/opt/ros/humble/include/rclcpp/rclcpp/logging.hpp:24[m[K,
[1.835s]                  from [01m[K/opt/ros/humble/include/rclcpp/rclcpp/client.hpp:40[m[K,
[1.835s]                  from [01m[K/opt/ros/humble/include/rclcpp/rclcpp/callback_group.hpp:24[m[K,
[1.835s]                  from [01m[K/opt/ros/humble/include/rclcpp/rclcpp/any_executable.hpp:20[m[K,
[1.835s]                  from [01m[K/opt/ros/humble/include/rclcpp/rclcpp/memory_strategy.hpp:25[m[K,
[1.835s]                  from [01m[K/opt/ros/humble/include/rclcpp/rclcpp/memory_strategies.hpp:18[m[K,
[1.835s]                  from [01m[K/opt/ros/humble/include/rclcpp/rclcpp/executor_options.hpp:20[m[K,
[1.835s]                  from [01m[K/opt/ros/humble/include/rclcpp/rclcpp/executor.hpp:37[m[K,
[1.835s]                  from [01m[K/opt/ros/humble/include/rclcpp/rclcpp/executors/multi_threaded_executor.hpp:25[m[K,
[1.835s]                  from [01m[K/opt/ros/humble/include/rclcpp/rclcpp/executors.hpp:21[m[K,
[1.835s]                  from [01m[K/opt/ros/humble/include/rclcpp/rclcpp/rclcpp.hpp:155[m[K,
[1.835s]                  from [01m[K/home/daguill/my_ws/src/c_int/src/array_sub.cpp:5[m[K:
[1.835s] [01m[K/home/daguill/my_ws/src/c_int/src/array_sub.cpp:[m[K In member function â€˜[01m[Kvoid ArraySuscriber::topic_callback(const Int8MultiArray&) const[m[Kâ€™:
[1.836s] [01m[K/home/daguill/my_ws/src/c_int/src/array_sub.cpp:23:63:[m[K [01;31m[Kerror: [m[Kâ€˜[01m[Kconst _data_type[m[Kâ€™ {aka â€˜[01m[Kconst class std::vector<signed char, std::allocator<signed char> >[m[Kâ€™} has no member named â€˜[01m[Kc_str[m[Kâ€™
[1.836s]    23 |     RCLCPP_INFO(this->get_logger(), "I heard: '%s'", msg.data.[01;31m[Kc_str[m[K());
[1.836s]       |                                                               [01;31m[K^~~~~[m[K
[3.513s] gmake[2]: *** [CMakeFiles/sub_array.dir/build.make:76: CMakeFiles/sub_array.dir/src/array_sub.cpp.o] Error 1
[3.513s] gmake[1]: *** [CMakeFiles/Makefile2:165: CMakeFiles/sub_array.dir/all] Error 2
[3.513s] gmake: *** [Makefile:146: all] Error 2
[3.515s] Invoked command in '/home/daguill/my_ws/build/c_int' returned '2': CMAKE_PREFIX_PATH=/opt/ros/humble /usr/bin/cmake --build /home/daguill/my_ws/build/c_int -- -j12 -l12
