[0.009s] Invoking command in '/home/daguill/my_ws/build/c_int': CMAKE_PREFIX_PATH=${CMAKE_PREFIX_PATH}:/home/daguill/my_ws/install/p_pckg:/opt/ros/humble /usr/bin/cmake --build /home/daguill/my_ws/build/c_int -- -j12 -l12
[0.040s] [35m[1mConsolidate compiler generated dependencies of target sub_array[0m
[0.049s] [ 50%] Built target pub_array
[0.051s] [ 75%] [32mBuilding CXX object CMakeFiles/sub_array.dir/src/array_sub.cpp.o[0m
[1.826s] In file included from [01m[K/opt/ros/humble/include/rclcpp/rclcpp/logging.hpp:24[m[K,
[1.826s]                  from [01m[K/opt/ros/humble/include/rclcpp/rclcpp/client.hpp:40[m[K,
[1.826s]                  from [01m[K/opt/ros/humble/include/rclcpp/rclcpp/callback_group.hpp:24[m[K,
[1.826s]                  from [01m[K/opt/ros/humble/include/rclcpp/rclcpp/any_executable.hpp:20[m[K,
[1.826s]                  from [01m[K/opt/ros/humble/include/rclcpp/rclcpp/memory_strategy.hpp:25[m[K,
[1.826s]                  from [01m[K/opt/ros/humble/include/rclcpp/rclcpp/memory_strategies.hpp:18[m[K,
[1.826s]                  from [01m[K/opt/ros/humble/include/rclcpp/rclcpp/executor_options.hpp:20[m[K,
[1.826s]                  from [01m[K/opt/ros/humble/include/rclcpp/rclcpp/executor.hpp:37[m[K,
[1.826s]                  from [01m[K/opt/ros/humble/include/rclcpp/rclcpp/executors/multi_threaded_executor.hpp:25[m[K,
[1.826s]                  from [01m[K/opt/ros/humble/include/rclcpp/rclcpp/executors.hpp:21[m[K,
[1.826s]                  from [01m[K/opt/ros/humble/include/rclcpp/rclcpp/rclcpp.hpp:155[m[K,
[1.826s]                  from [01m[K/home/daguill/my_ws/src/c_int/src/array_sub.cpp:5[m[K:
[1.826s] [01m[K/home/daguill/my_ws/src/c_int/src/array_sub.cpp:[m[K In member function â€˜[01m[Kvoid ArraySuscriber::topic_callback(const Int8MultiArray&) const[m[Kâ€™:
[1.826s] [01m[K/home/daguill/my_ws/src/c_int/src/array_sub.cpp:23:66:[m[K [01;31m[Kerror: [m[Krequest for member â€˜[01m[Kc_str[m[Kâ€™ in â€˜[01m[Kmsg.std_msgs::msg::Int8MultiArray_<std::allocator<void> >::data.std::vector<signed char, std::allocator<signed char> >::operator[](0)[m[Kâ€™, which is of non-class type â€˜[01m[Kconst value_type[m[Kâ€™ {aka â€˜[01m[Kconst signed char[m[Kâ€™}
[1.826s]    23 |     RCLCPP_INFO(this->get_logger(), "I heard: '%s'", msg.data[0].[01;31m[Kc_str[m[K());
[1.826s]       |                                                                  [01;31m[K^~~~~[m[K
[3.662s] gmake[2]: *** [CMakeFiles/sub_array.dir/build.make:76: CMakeFiles/sub_array.dir/src/array_sub.cpp.o] Error 1
[3.662s] gmake[1]: *** [CMakeFiles/Makefile2:165: CMakeFiles/sub_array.dir/all] Error 2
[3.662s] gmake: *** [Makefile:146: all] Error 2
[3.664s] Invoked command in '/home/daguill/my_ws/build/c_int' returned '2': CMAKE_PREFIX_PATH=${CMAKE_PREFIX_PATH}:/home/daguill/my_ws/install/p_pckg:/opt/ros/humble /usr/bin/cmake --build /home/daguill/my_ws/build/c_int -- -j12 -l12
