[01m[K/home/daguill/my_ws/src/c_int/src/array_pub.cpp:46:2:[m[K [01;31m[Kerror: [m[Kunterminated argument list invoking macro "RCLCPP_INFO"
   46 | }
      |  [01;31m[K^[m[K
[01m[K/home/daguill/my_ws/src/c_int/src/array_pub.cpp:33:16:[m[K [01;31m[Kerror: [m[Kexpected â€˜[01m[K}[m[Kâ€™ at end of input
   33 |     RCLCPP_INFO[01;31m[K([m[Kthis->get_logger(), info.c_str();
      |                [01;31m[K^[m[K
[01m[K/home/daguill/my_ws/src/c_int/src/array_pub.cpp:12:1:[m[K [01;36m[Knote: [m[Kto match this â€˜[01m[K{[m[Kâ€™
   12 | [01;36m[K{[m[K
      | [01;36m[K^[m[K
[01m[K/home/daguill/my_ws/src/c_int/src/array_pub.cpp:[m[K In constructor â€˜[01m[KArrayPublisher::ArrayPublisher()[m[Kâ€™:
[01m[K/home/daguill/my_ws/src/c_int/src/array_pub.cpp:16:5:[m[K [01;31m[Kerror: [m[Kâ€˜[01m[Kpublisher_[m[Kâ€™ was not declared in this scope; did you mean â€˜[01m[Krmw_publisher_t[m[Kâ€™?
   16 |     [01;31m[Kpublisher_[m[K = this->create_publisher<std_msgs::msg::Int8MultiArray>("Auza_array", 10);
      |     [01;31m[K^~~~~~~~~~[m[K
      |     [32m[Krmw_publisher_t[m[K
[01m[K/home/daguill/my_ws/src/c_int/src/array_pub.cpp:17:5:[m[K [01;31m[Kerror: [m[Kâ€˜[01m[Ktimer_[m[Kâ€™ was not declared in this scope; did you mean â€˜[01m[Ktimer_t[m[Kâ€™?
   17 |     [01;31m[Ktimer_[m[K = this->create_wall_timer(
      |     [01;31m[K^~~~~~[m[K
      |     [32m[Ktimer_t[m[K
[01m[K/home/daguill/my_ws/src/c_int/src/array_pub.cpp:[m[K In member function â€˜[01m[Kvoid ArrayPublisher::timer_callback()[m[Kâ€™:
[01m[K/home/daguill/my_ws/src/c_int/src/array_pub.cpp:33:5:[m[K [01;31m[Kerror: [m[Kâ€˜[01m[KRCLCPP_INFO[m[Kâ€™ was not declared in this scope
   33 |     [01;31m[KRCLCPP_INFO[m[K(this->get_logger(), info.c_str();
      |     [01;31m[K^~~~~~~~~~~[m[K
[01m[K/home/daguill/my_ws/src/c_int/src/array_pub.cpp:33:16:[m[K [01;31m[Kerror: [m[Kexpected â€˜[01m[K}[m[Kâ€™ at end of input
   33 |     RCLCPP_INFO[01;31m[K([m[Kthis->get_logger(), info.c_str();
      |                [01;31m[K^[m[K
[01m[K/home/daguill/my_ws/src/c_int/src/array_pub.cpp:25:3:[m[K [01;36m[Knote: [m[Kto match this â€˜[01m[K{[m[Kâ€™
   25 |   [01;36m[K{[m[K
      |   [01;36m[K^[m[K
[01m[K/home/daguill/my_ws/src/c_int/src/array_pub.cpp:[m[K At global scope:
[01m[K/home/daguill/my_ws/src/c_int/src/array_pub.cpp:33:16:[m[K [01;31m[Kerror: [m[Kexpected unqualified-id at end of input
   33 |     RCLCPP_INFO[01;31m[K([m[Kthis->get_logger(), info.c_str();
      |                [01;31m[K^[m[K
gmake[2]: *** [CMakeFiles/pub_array.dir/build.make:76: CMakeFiles/pub_array.dir/src/array_pub.cpp.o] Error 1
gmake[1]: *** [CMakeFiles/Makefile2:137: CMakeFiles/pub_array.dir/all] Error 2
gmake: *** [Makefile:146: all] Error 2
