[0.009s] Invoking command in '/home/daguill/my_ws/build/c_int': CMAKE_PREFIX_PATH=${CMAKE_PREFIX_PATH}:/home/daguill/my_ws/install/p_pckg:/opt/ros/humble /usr/bin/cmake --build /home/daguill/my_ws/build/c_int -- -j12 -l12
[0.039s] [35m[1mConsolidate compiler generated dependencies of target pub_array[0m
[0.051s] [ 50%] [32mBuilding CXX object CMakeFiles/pub_array.dir/src/array_pub.cpp.o[0m
[0.211s] [01m[K/home/daguill/my_ws/src/c_int/src/array_pub.cpp:46:2:[m[K [01;31m[Kerror: [m[Kunterminated argument list invoking macro "RCLCPP_INFO"
[0.211s]    46 | }
[0.211s]       |  [01;31m[K^[m[K
[1.792s] [01m[K/home/daguill/my_ws/src/c_int/src/array_pub.cpp:33:16:[m[K [01;31m[Kerror: [m[Kexpected â€˜[01m[K}[m[Kâ€™ at end of input
[1.792s]    33 |     RCLCPP_INFO[01;31m[K([m[Kthis->get_logger(), info.c_str();
[1.792s]       |                [01;31m[K^[m[K
[1.792s] [01m[K/home/daguill/my_ws/src/c_int/src/array_pub.cpp:12:1:[m[K [01;36m[Knote: [m[Kto match this â€˜[01m[K{[m[Kâ€™
[1.792s]    12 | [01;36m[K{[m[K
[1.792s]       | [01;36m[K^[m[K
[1.797s] [01m[K/home/daguill/my_ws/src/c_int/src/array_pub.cpp:[m[K In constructor â€˜[01m[KArrayPublisher::ArrayPublisher()[m[Kâ€™:
[1.797s] [01m[K/home/daguill/my_ws/src/c_int/src/array_pub.cpp:16:5:[m[K [01;31m[Kerror: [m[Kâ€˜[01m[Kpublisher_[m[Kâ€™ was not declared in this scope; did you mean â€˜[01m[Krmw_publisher_t[m[Kâ€™?
[1.797s]    16 |     [01;31m[Kpublisher_[m[K = this->create_publisher<std_msgs::msg::Int8MultiArray>("Auza_array", 10);
[1.797s]       |     [01;31m[K^~~~~~~~~~[m[K
[1.798s]       |     [32m[Krmw_publisher_t[m[K
[1.804s] [01m[K/home/daguill/my_ws/src/c_int/src/array_pub.cpp:17:5:[m[K [01;31m[Kerror: [m[Kâ€˜[01m[Ktimer_[m[Kâ€™ was not declared in this scope; did you mean â€˜[01m[Ktimer_t[m[Kâ€™?
[1.804s]    17 |     [01;31m[Ktimer_[m[K = this->create_wall_timer(
[1.804s]       |     [01;31m[K^~~~~~[m[K
[1.804s]       |     [32m[Ktimer_t[m[K
[1.815s] [01m[K/home/daguill/my_ws/src/c_int/src/array_pub.cpp:[m[K In member function â€˜[01m[Kvoid ArrayPublisher::timer_callback()[m[Kâ€™:
[1.815s] [01m[K/home/daguill/my_ws/src/c_int/src/array_pub.cpp:33:5:[m[K [01;31m[Kerror: [m[Kâ€˜[01m[KRCLCPP_INFO[m[Kâ€™ was not declared in this scope
[1.816s]    33 |     [01;31m[KRCLCPP_INFO[m[K(this->get_logger(), info.c_str();
[1.816s]       |     [01;31m[K^~~~~~~~~~~[m[K
[1.816s] [01m[K/home/daguill/my_ws/src/c_int/src/array_pub.cpp:33:16:[m[K [01;31m[Kerror: [m[Kexpected â€˜[01m[K}[m[Kâ€™ at end of input
[1.816s]    33 |     RCLCPP_INFO[01;31m[K([m[Kthis->get_logger(), info.c_str();
[1.816s]       |                [01;31m[K^[m[K
[1.816s] [01m[K/home/daguill/my_ws/src/c_int/src/array_pub.cpp:25:3:[m[K [01;36m[Knote: [m[Kto match this â€˜[01m[K{[m[Kâ€™
[1.816s]    25 |   [01;36m[K{[m[K
[1.816s]       |   [01;36m[K^[m[K
[1.816s] [01m[K/home/daguill/my_ws/src/c_int/src/array_pub.cpp:[m[K At global scope:
[1.816s] [01m[K/home/daguill/my_ws/src/c_int/src/array_pub.cpp:33:16:[m[K [01;31m[Kerror: [m[Kexpected unqualified-id at end of input
[1.816s]    33 |     RCLCPP_INFO[01;31m[K([m[Kthis->get_logger(), info.c_str();
[1.816s]       |                [01;31m[K^[m[K
[2.353s] gmake[2]: *** [CMakeFiles/pub_array.dir/build.make:76: CMakeFiles/pub_array.dir/src/array_pub.cpp.o] Error 1
[2.354s] gmake[1]: *** [CMakeFiles/Makefile2:137: CMakeFiles/pub_array.dir/all] Error 2
[2.354s] gmake: *** [Makefile:146: all] Error 2
[2.355s] Invoked command in '/home/daguill/my_ws/build/c_int' returned '2': CMAKE_PREFIX_PATH=${CMAKE_PREFIX_PATH}:/home/daguill/my_ws/install/p_pckg:/opt/ros/humble /usr/bin/cmake --build /home/daguill/my_ws/build/c_int -- -j12 -l12
