[0.008s] Invoking command in '/home/daguill/my_ws/build/c_arith': CMAKE_PREFIX_PATH=/opt/ros/humble /usr/bin/cmake /home/daguill/my_ws/src/c_arith -DCMAKE_INSTALL_PREFIX=/home/daguill/my_ws/install/c_arith
[0.049s] -- The C compiler identification is GNU 11.4.0
[0.090s] -- The CXX compiler identification is GNU 11.4.0
[0.095s] -- Detecting C compiler ABI info
[0.146s] -- Detecting C compiler ABI info - done
[0.154s] -- Check for working C compiler: /usr/bin/cc - skipped
[0.154s] -- Detecting C compile features
[0.154s] -- Detecting C compile features - done
[0.157s] -- Detecting CXX compiler ABI info
[0.221s] -- Detecting CXX compiler ABI info - done
[0.229s] -- Check for working CXX compiler: /usr/bin/c++ - skipped
[0.229s] -- Detecting CXX compile features
[0.229s] -- Detecting CXX compile features - done
[0.231s] -- Found ament_cmake: 1.3.10 (/opt/ros/humble/share/ament_cmake/cmake)
[0.348s] -- Found Python3: /usr/bin/python3 (found version "3.10.12") found components: Interpreter 
[0.413s] -- Found rclcpp: 16.0.10 (/opt/ros/humble/share/rclcpp/cmake)
[0.443s] -- Found rosidl_generator_c: 3.1.5 (/opt/ros/humble/share/rosidl_generator_c/cmake)
[0.446s] -- Found rosidl_adapter: 3.1.5 (/opt/ros/humble/share/rosidl_adapter/cmake)
[0.452s] -- Found rosidl_generator_cpp: 3.1.5 (/opt/ros/humble/share/rosidl_generator_cpp/cmake)
[0.462s] -- Using all available rosidl_typesupport_c: rosidl_typesupport_fastrtps_c;rosidl_typesupport_introspection_c
[0.474s] -- Using all available rosidl_typesupport_cpp: rosidl_typesupport_fastrtps_cpp;rosidl_typesupport_introspection_cpp
[0.508s] -- Found rmw_implementation_cmake: 6.1.2 (/opt/ros/humble/share/rmw_implementation_cmake/cmake)
[0.510s] -- Found rmw_fastrtps_cpp: 6.2.7 (/opt/ros/humble/share/rmw_fastrtps_cpp/cmake)
[0.568s] -- Found OpenSSL: /usr/lib/x86_64-linux-gnu/libcrypto.so (found version "3.0.2")  
[0.586s] -- Found FastRTPS: /opt/ros/humble/include  
[0.615s] -- Using RMW implementation 'rmw_fastrtps_cpp' as default
[0.620s] -- Looking for pthread.h
[0.674s] -- Looking for pthread.h - found
[0.675s] -- Performing Test CMAKE_HAVE_LIBC_PTHREAD
[0.732s] -- Performing Test CMAKE_HAVE_LIBC_PTHREAD - Success
[0.733s] -- Found Threads: TRUE  
[0.781s] -- Found ament_lint_auto: 0.12.11 (/opt/ros/humble/share/ament_lint_auto/cmake)
[0.839s] -- Added test 'cppcheck' to perform static code analysis on C / C++ code
[0.839s] -- Configured cppcheck include dirs: 
[0.839s] -- Configured cppcheck exclude dirs and/or files: 
[0.839s] -- Added test 'flake8' to check Python code syntax and style conventions
[0.840s] -- Added test 'lint_cmake' to check CMake code style
[0.840s] -- Added test 'pep257' to check Python code against some of the docstring style conventions in PEP 257
[0.841s] -- Added test 'uncrustify' to check C / C++ code style
[0.841s] -- Configured uncrustify additional arguments: 
[0.841s] -- Added test 'xmllint' to check XML markup files
[0.842s] -- Configuring done
[0.848s] -- Generating done
[0.849s] -- Build files have been written to: /home/daguill/my_ws/build/c_arith
[0.856s] Invoked command in '/home/daguill/my_ws/build/c_arith' returned '0': CMAKE_PREFIX_PATH=/opt/ros/humble /usr/bin/cmake /home/daguill/my_ws/src/c_arith -DCMAKE_INSTALL_PREFIX=/home/daguill/my_ws/install/c_arith
[0.857s] Invoking command in '/home/daguill/my_ws/build/c_arith': CMAKE_PREFIX_PATH=/opt/ros/humble /usr/bin/cmake --build /home/daguill/my_ws/build/c_arith -- -j12 -l12
[0.890s] [ 50%] [32mBuilding CXX object CMakeFiles/sum_array.dir/src/sum.cpp.o[0m
[2.668s] [01m[K/home/daguill/my_ws/src/c_arith/src/sum.cpp:[m[K In constructor â€˜[01m[KArraySumTranceiver::ArraySumTranceiver()[m[Kâ€™:
[2.668s] [01m[K/home/daguill/my_ws/src/c_arith/src/sum.cpp:19:36:[m[K [01;31m[Kerror: [m[Kâ€˜[01m[KArraySuscriber[m[Kâ€™ has not been declared
[2.668s]    19 |       "Auza_array", 10, std::bind(&[01;31m[KArraySuscriber[m[K::topic_callback, this, _1));
[2.668s]       |                                    [01;31m[K^~~~~~~~~~~~~~[m[K
[2.673s] [01m[K/home/daguill/my_ws/src/c_arith/src/sum.cpp:21:80:[m[K [01;31m[Kerror: [m[Kno match for â€˜[01m[Koperator=[m[Kâ€™ (operand types are â€˜[01m[Krclcpp::Publisher<std_msgs::msg::Int8MultiArray_<std::allocator<void> > >::SharedPtr[m[Kâ€™ {aka â€˜[01m[Kstd::shared_ptr<rclcpp::Publisher<std_msgs::msg::Int8MultiArray_<std::allocator<void> > > >[m[Kâ€™} and â€˜[01m[Kstd::shared_ptr<rclcpp::Publisher<std_msgs::msg::Float32_<std::allocator<void> >, std::allocator<void> > >[m[Kâ€™)
[2.674s]    21 |     publisher_ = this->create_publisher<std_msgs::msg::Float32>("array_sum", 10[01;31m[K)[m[K;
[2.674s]       |                                                                                [01;31m[K^[m[K
[2.674s] In file included from [01m[K/usr/include/c++/11/memory:77[m[K,
[2.674s]                  from [01m[K/home/daguill/my_ws/src/c_arith/src/sum.cpp:3[m[K:
[2.674s] [01m[K/usr/include/c++/11/bits/shared_ptr.h:363:9:[m[K [01;36m[Knote: [m[Kcandidate: â€˜[01m[Ktemplate<class _Yp> std::shared_ptr<_Tp>::_Assignable<const std::shared_ptr<_Yp>&> std::shared_ptr<_Tp>::operator=(const std::shared_ptr<_Yp>&) [with _Yp = _Yp; _Tp = rclcpp::Publisher<std_msgs::msg::Int8MultiArray_<std::allocator<void> > >][m[Kâ€™
[2.674s]   363 |         [01;36m[Koperator[m[K=(const shared_ptr<_Yp>& __r) noexcept
[2.675s]       |         [01;36m[K^~~~~~~~[m[K
[2.675s] [01m[K/usr/include/c++/11/bits/shared_ptr.h:363:9:[m[K [01;36m[Knote: [m[K  template argument deduction/substitution failed:
[2.675s] /usr/include/c++/11/bits/shared_ptr.h: In substitution of â€˜[01m[Ktemplate<class _Tp> template<class _Arg> using _Assignable = typename std::enable_if<std::is_assignable<std::__shared_ptr<_Tp>&, _Arg>::value, std::shared_ptr<_Tp>&>::type [with _Arg = const std::shared_ptr<rclcpp::Publisher<std_msgs::msg::Float32_<std::allocator<void> >, std::allocator<void> > >&; _Tp = rclcpp::Publisher<std_msgs::msg::Int8MultiArray_<std::allocator<void> > >][m[Kâ€™:
[2.675s] [01m[K/usr/include/c++/11/bits/shared_ptr.h:363:2:[m[K   required by substitution of â€˜[01m[Ktemplate<class _Yp> std::shared_ptr<rclcpp::Publisher<std_msgs::msg::Int8MultiArray_<std::allocator<void> > > >::_Assignable<const std::shared_ptr<_Tp>&> std::shared_ptr<rclcpp::Publisher<std_msgs::msg::Int8MultiArray_<std::allocator<void> > > >::operator=<_Yp>(const std::shared_ptr<_Tp>&) [with _Yp = rclcpp::Publisher<std_msgs::msg::Float32_<std::allocator<void> >, std::allocator<void> >][m[Kâ€™
[2.675s] [01m[K/home/daguill/my_ws/src/c_arith/src/sum.cpp:21:80:[m[K   required from here
[2.675s] [01m[K/usr/include/c++/11/bits/shared_ptr.h:130:15:[m[K [01;31m[Kerror: [m[Kno type named â€˜[01m[Ktype[m[Kâ€™ in â€˜[01m[Kstruct std::enable_if<false, std::shared_ptr<rclcpp::Publisher<std_msgs::msg::Int8MultiArray_<std::allocator<void> > > >&>[m[Kâ€™
[2.675s]   130 |         using [01;31m[K_Assignable[m[K = typename enable_if<
[2.675s]       |               [01;31m[K^~~~~~~~~~~[m[K
[2.675s] [01m[K/usr/include/c++/11/bits/shared_ptr.h:374:9:[m[K [01;36m[Knote: [m[Kcandidate: â€˜[01m[Ktemplate<class _Yp> std::shared_ptr<_Tp>::_Assignable<std::auto_ptr<_Up> > std::shared_ptr<_Tp>::operator=(std::auto_ptr<_Up>&&) [with _Yp = _Yp; _Tp = rclcpp::Publisher<std_msgs::msg::Int8MultiArray_<std::allocator<void> > >][m[Kâ€™
[2.675s]   374 |         [01;36m[Koperator[m[K=(auto_ptr<_Yp>&& __r)
[2.675s]       |         [01;36m[K^~~~~~~~[m[K
[2.675s] [01m[K/usr/include/c++/11/bits/shared_ptr.h:374:9:[m[K [01;36m[Knote: [m[K  template argument deduction/substitution failed:
[2.675s] [01m[K/home/daguill/my_ws/src/c_arith/src/sum.cpp:21:80:[m[K [01;36m[Knote: [m[K  â€˜[01m[Kstd::shared_ptr<rclcpp::Publisher<std_msgs::msg::Float32_<std::allocator<void> >, std::allocator<void> > >[m[Kâ€™ is not derived from â€˜[01m[Kstd::auto_ptr<_Up>[m[Kâ€™
[2.676s]    21 |     publisher_ = this->create_publisher<std_msgs::msg::Float32>("array_sum", 10[01;36m[K)[m[K;
[2.676s]       |                                                                                [01;36m[K^[m[K
[2.676s] In file included from [01m[K/usr/include/c++/11/memory:77[m[K,
[2.676s]                  from [01m[K/home/daguill/my_ws/src/c_arith/src/sum.cpp:3[m[K:
[2.676s] [01m[K/usr/include/c++/11/bits/shared_ptr.h:391:9:[m[K [01;36m[Knote: [m[Kcandidate: â€˜[01m[Ktemplate<class _Yp> std::shared_ptr<_Tp>::_Assignable<std::shared_ptr<_Yp> > std::shared_ptr<_Tp>::operator=(std::shared_ptr<_Yp>&&) [with _Yp = _Yp; _Tp = rclcpp::Publisher<std_msgs::msg::Int8MultiArray_<std::allocator<void> > >][m[Kâ€™
[2.676s]   391 |         [01;36m[Koperator[m[K=(shared_ptr<_Yp>&& __r) noexcept
[2.676s]       |         [01;36m[K^~~~~~~~[m[K
[2.676s] [01m[K/usr/include/c++/11/bits/shared_ptr.h:391:9:[m[K [01;36m[Knote: [m[K  template argument deduction/substitution failed:
[2.676s] /usr/include/c++/11/bits/shared_ptr.h: In substitution of â€˜[01m[Ktemplate<class _Tp> template<class _Arg> using _Assignable = typename std::enable_if<std::is_assignable<std::__shared_ptr<_Tp>&, _Arg>::value, std::shared_ptr<_Tp>&>::type [with _Arg = std::shared_ptr<rclcpp::Publisher<std_msgs::msg::Float32_<std::allocator<void> >, std::allocator<void> > >; _Tp = rclcpp::Publisher<std_msgs::msg::Int8MultiArray_<std::allocator<void> > >][m[Kâ€™:
[2.676s] [01m[K/usr/include/c++/11/bits/shared_ptr.h:391:2:[m[K   required by substitution of â€˜[01m[Ktemplate<class _Yp> std::shared_ptr<rclcpp::Publisher<std_msgs::msg::Int8MultiArray_<std::allocator<void> > > >::_Assignable<std::shared_ptr<_Tp> > std::shared_ptr<rclcpp::Publisher<std_msgs::msg::Int8MultiArray_<std::allocator<void> > > >::operator=<_Yp>(std::shared_ptr<_Tp>&&) [with _Yp = rclcpp::Publisher<std_msgs::msg::Float32_<std::allocator<void> >, std::allocator<void> >][m[Kâ€™
[2.676s] [01m[K/home/daguill/my_ws/src/c_arith/src/sum.cpp:21:80:[m[K   required from here
[2.676s] [01m[K/usr/include/c++/11/bits/shared_ptr.h:130:15:[m[K [01;31m[Kerror: [m[Kno type named â€˜[01m[Ktype[m[Kâ€™ in â€˜[01m[Kstruct std::enable_if<false, std::shared_ptr<rclcpp::Publisher<std_msgs::msg::Int8MultiArray_<std::allocator<void> > > >&>[m[Kâ€™
[2.677s]   130 |         using [01;31m[K_Assignable[m[K = typename enable_if<
[2.677s]       |               [01;31m[K^~~~~~~~~~~[m[K
[2.677s] [01m[K/usr/include/c++/11/bits/shared_ptr.h:399:9:[m[K [01;36m[Knote: [m[Kcandidate: â€˜[01m[Ktemplate<class _Yp, class _Del> std::shared_ptr<_Tp>::_Assignable<std::unique_ptr<_Up, _Ep> > std::shared_ptr<_Tp>::operator=(std::unique_ptr<_Up, _Ep>&&) [with _Yp = _Yp; _Del = _Del; _Tp = rclcpp::Publisher<std_msgs::msg::Int8MultiArray_<std::allocator<void> > >][m[Kâ€™
[2.677s]   399 |         [01;36m[Koperator[m[K=(unique_ptr<_Yp, _Del>&& __r)
[2.677s]       |         [01;36m[K^~~~~~~~[m[K
[2.677s] [01m[K/usr/include/c++/11/bits/shared_ptr.h:399:9:[m[K [01;36m[Knote: [m[K  template argument deduction/substitution failed:
[2.677s] [01m[K/home/daguill/my_ws/src/c_arith/src/sum.cpp:21:80:[m[K [01;36m[Knote: [m[K  â€˜[01m[Kstd::shared_ptr<rclcpp::Publisher<std_msgs::msg::Float32_<std::allocator<void> >, std::allocator<void> > >[m[Kâ€™ is not derived from â€˜[01m[Kstd::unique_ptr<_Tp, _Dp>[m[Kâ€™
[2.677s]    21 |     publisher_ = this->create_publisher<std_msgs::msg::Float32>("array_sum", 10[01;36m[K)[m[K;
[2.677s]       |                                                                                [01;36m[K^[m[K
[2.677s] In file included from [01m[K/usr/include/c++/11/memory:77[m[K,
[2.677s]                  from [01m[K/home/daguill/my_ws/src/c_arith/src/sum.cpp:3[m[K:
[2.678s] [01m[K/usr/include/c++/11/bits/shared_ptr.h:359:19:[m[K [01;36m[Knote: [m[Kcandidate: â€˜[01m[Kstd::shared_ptr<_Tp>& std::shared_ptr<_Tp>::operator=(const std::shared_ptr<_Tp>&) [with _Tp = rclcpp::Publisher<std_msgs::msg::Int8MultiArray_<std::allocator<void> > >][m[Kâ€™
[2.678s]   359 |       shared_ptr& [01;36m[Koperator[m[K=(const shared_ptr&) noexcept = default;
[2.678s]       |                   [01;36m[K^~~~~~~~[m[K
[2.678s] [01m[K/usr/include/c++/11/bits/shared_ptr.h:359:29:[m[K [01;36m[Knote: [m[K  no known conversion for argument 1 from â€˜[01m[Kstd::shared_ptr<rclcpp::Publisher<std_msgs::msg::Float32_<std::allocator<void> >, std::allocator<void> > >[m[Kâ€™ to â€˜[01m[Kconst std::shared_ptr<rclcpp::Publisher<std_msgs::msg::Int8MultiArray_<std::allocator<void> > > >&[m[Kâ€™
[2.678s]   359 |       shared_ptr& operator=([01;36m[Kconst shared_ptr&[m[K) noexcept = default;
[2.678s]       |                             [01;36m[K^~~~~~~~~~~~~~~~~[m[K
[2.678s] [01m[K/usr/include/c++/11/bits/shared_ptr.h:383:7:[m[K [01;36m[Knote: [m[Kcandidate: â€˜[01m[Kstd::shared_ptr<_Tp>& std::shared_ptr<_Tp>::operator=(std::shared_ptr<_Tp>&&) [with _Tp = rclcpp::Publisher<std_msgs::msg::Int8MultiArray_<std::allocator<void> > >][m[Kâ€™
[2.678s]   383 |       [01;36m[Koperator[m[K=(shared_ptr&& __r) noexcept
[2.678s]       |       [01;36m[K^~~~~~~~[m[K
[2.678s] [01m[K/usr/include/c++/11/bits/shared_ptr.h:383:30:[m[K [01;36m[Knote: [m[K  no known conversion for argument 1 from â€˜[01m[Kstd::shared_ptr<rclcpp::Publisher<std_msgs::msg::Float32_<std::allocator<void> >, std::allocator<void> > >[m[Kâ€™ to â€˜[01m[Kstd::shared_ptr<rclcpp::Publisher<std_msgs::msg::Int8MultiArray_<std::allocator<void> > > >&&[m[Kâ€™
[2.678s]   383 |       operator=([01;36m[Kshared_ptr&& __r[m[K) noexcept
[2.678s]       |                 [01;36m[K~~~~~~~~~~~~~^~~[m[K
[2.678s] [01m[K/home/daguill/my_ws/src/c_arith/src/sum.cpp:[m[K In member function â€˜[01m[Kvoid ArraySumTranceiver::topic_callback(const Int8MultiArray&) const[m[Kâ€™:
[2.679s] [01m[K/home/daguill/my_ws/src/c_arith/src/sum.cpp:27:20:[m[K [01;31m[Kerror: [m[Kâ€˜[01m[Kfloat32[m[Kâ€™ is not a member of â€˜[01m[Kstd_msgs::msg[m[Kâ€™; did you mean â€˜[01m[KFloat32[m[Kâ€™?
[2.679s]    27 |     std_msgs::msg::[01;31m[Kfloat32[m[K msg_pub;
[2.679s]       |                    [01;31m[K^~~~~~~[m[K
[2.679s]       |                    [32m[KFloat32[m[K
[2.680s] [01m[K/home/daguill/my_ws/src/c_arith/src/sum.cpp:28:5:[m[K [01;31m[Kerror: [m[Kâ€˜[01m[Kmsg_pub[m[Kâ€™ was not declared in this scope; did you mean â€˜[01m[Kmsg_sub[m[Kâ€™?
[2.680s]    28 |     [01;31m[Kmsg_pub[m[K.data = msg_sub.data[0] + msg.data[1] + msg.data[2];
[2.680s]       |     [01;31m[K^~~~~~~[m[K
[2.681s]       |     [32m[Kmsg_sub[m[K
[2.681s] [01m[K/home/daguill/my_ws/src/c_arith/src/sum.cpp:28:38:[m[K [01;31m[Kerror: [m[Kâ€˜[01m[Kmsg[m[Kâ€™ was not declared in this scope
[2.681s]    28 |     msg_pub.data = msg_sub.data[0] + [01;31m[Kmsg[m[K.data[1] + msg.data[2];
[2.681s]       |                                      [01;31m[K^~~[m[K
[2.681s] [01m[K/home/daguill/my_ws/src/c_arith/src/sum.cpp:28:38:[m[K [01;36m[Knote: [m[Ksuggested alternatives:
[2.682s] In file included from [01m[K/opt/ros/humble/include/builtin_interfaces/builtin_interfaces/msg/duration.hpp:7[m[K,
[2.682s]                  from [01m[K/opt/ros/humble/include/rclcpp/rclcpp/duration.hpp:20[m[K,
[2.682s]                  from [01m[K/opt/ros/humble/include/rclcpp/rclcpp/qos.hpp:20[m[K,
[2.682s]                  from [01m[K/opt/ros/humble/include/rclcpp/rclcpp/node_interfaces/node_graph_interface.hpp:32[m[K,
[2.682s]                  from [01m[K/opt/ros/humble/include/rclcpp/rclcpp/client.hpp:42[m[K,
[2.682s]                  from [01m[K/opt/ros/humble/include/rclcpp/rclcpp/callback_group.hpp:24[m[K,
[2.682s]                  from [01m[K/opt/ros/humble/include/rclcpp/rclcpp/any_executable.hpp:20[m[K,
[2.682s]                  from [01m[K/opt/ros/humble/include/rclcpp/rclcpp/memory_strategy.hpp:25[m[K,
[2.682s]                  from [01m[K/opt/ros/humble/include/rclcpp/rclcpp/memory_strategies.hpp:18[m[K,
[2.682s]                  from [01m[K/opt/ros/humble/include/rclcpp/rclcpp/executor_options.hpp:20[m[K,
[2.683s]                  from [01m[K/opt/ros/humble/include/rclcpp/rclcpp/executor.hpp:37[m[K,
[2.683s]                  from [01m[K/opt/ros/humble/include/rclcpp/rclcpp/executors/multi_threaded_executor.hpp:25[m[K,
[2.683s]                  from [01m[K/opt/ros/humble/include/rclcpp/rclcpp/executors.hpp:21[m[K,
[2.683s]                  from [01m[K/opt/ros/humble/include/rclcpp/rclcpp/rclcpp.hpp:155[m[K,
[2.683s]                  from [01m[K/home/daguill/my_ws/src/c_arith/src/sum.cpp:5[m[K:
[2.683s] [01m[K/opt/ros/humble/include/builtin_interfaces/builtin_interfaces/msg/detail/duration__struct.hpp:27:11:[m[K [01;36m[Knote: [m[K  â€˜[01m[Kbuiltin_interfaces::msg[m[Kâ€™
[2.683s]    27 | namespace [01;36m[Kmsg[m[K
[2.683s]       |           [01;36m[K^~~[m[K
[2.683s] In file included from [01m[K/opt/ros/humble/include/rcl_interfaces/rcl_interfaces/msg/set_parameters_result.hpp:7[m[K,
[2.683s]                  from [01m[K/opt/ros/humble/include/rclcpp/rclcpp/qos_overriding_options.hpp:28[m[K,
[2.683s]                  from [01m[K/opt/ros/humble/include/rclcpp/rclcpp/subscription_options.hpp:30[m[K,
[2.683s]                  from [01m[K/opt/ros/humble/include/rclcpp/rclcpp/subscription.hpp:45[m[K,
[2.684s]                  from [01m[K/opt/ros/humble/include/rclcpp/rclcpp/any_executable.hpp:25[m[K,
[2.684s]                  from [01m[K/opt/ros/humble/include/rclcpp/rclcpp/memory_strategy.hpp:25[m[K,
[2.684s]                  from [01m[K/opt/ros/humble/include/rclcpp/rclcpp/memory_strategies.hpp:18[m[K,
[2.684s]                  from [01m[K/opt/ros/humble/include/rclcpp/rclcpp/executor_options.hpp:20[m[K,
[2.684s]                  from [01m[K/opt/ros/humble/include/rclcpp/rclcpp/executor.hpp:37[m[K,
[2.684s]                  from [01m[K/opt/ros/humble/include/rclcpp/rclcpp/executors/multi_threaded_executor.hpp:25[m[K,
[2.684s]                  from [01m[K/opt/ros/humble/include/rclcpp/rclcpp/executors.hpp:21[m[K,
[2.684s]                  from [01m[K/opt/ros/humble/include/rclcpp/rclcpp/rclcpp.hpp:155[m[K,
[2.684s]                  from [01m[K/home/daguill/my_ws/src/c_arith/src/sum.cpp:5[m[K:
[2.684s] [01m[K/opt/ros/humble/include/rcl_interfaces/rcl_interfaces/msg/detail/set_parameters_result__struct.hpp:27:11:[m[K [01;36m[Knote: [m[K  â€˜[01m[Krcl_interfaces::msg[m[Kâ€™
[2.684s]    27 | namespace [01;36m[Kmsg[m[K
[2.684s]       |           [01;36m[K^~~[m[K
[2.685s] In file included from [01m[K/opt/ros/humble/include/statistics_msgs/statistics_msgs/msg/detail/metrics_message__struct.hpp:23[m[K,
[2.685s]                  from [01m[K/opt/ros/humble/include/statistics_msgs/statistics_msgs/msg/metrics_message.hpp:7[m[K,
[2.685s]                  from [01m[K/opt/ros/humble/include/libstatistics_collector/libstatistics_collector/collector/generate_statistics_message.hpp:21[m[K,
[2.685s]                  from [01m[K/opt/ros/humble/include/rclcpp/rclcpp/topic_statistics/subscription_topic_statistics.hpp:23[m[K,
[2.685s]                  from [01m[K/opt/ros/humble/include/rclcpp/rclcpp/subscription.hpp:50[m[K,
[2.685s]                  from [01m[K/opt/ros/humble/include/rclcpp/rclcpp/any_executable.hpp:25[m[K,
[2.685s]                  from [01m[K/opt/ros/humble/include/rclcpp/rclcpp/memory_strategy.hpp:25[m[K,
[2.685s]                  from [01m[K/opt/ros/humble/include/rclcpp/rclcpp/memory_strategies.hpp:18[m[K,
[2.685s]                  from [01m[K/opt/ros/humble/include/rclcpp/rclcpp/executor_options.hpp:20[m[K,
[2.685s]                  from [01m[K/opt/ros/humble/include/rclcpp/rclcpp/executor.hpp:37[m[K,
[2.685s]                  from [01m[K/opt/ros/humble/include/rclcpp/rclcpp/executors/multi_threaded_executor.hpp:25[m[K,
[2.686s]                  from [01m[K/opt/ros/humble/include/rclcpp/rclcpp/executors.hpp:21[m[K,
[2.686s]                  from [01m[K/opt/ros/humble/include/rclcpp/rclcpp/rclcpp.hpp:155[m[K,
[2.686s]                  from [01m[K/home/daguill/my_ws/src/c_arith/src/sum.cpp:5[m[K:
[2.686s] [01m[K/opt/ros/humble/include/statistics_msgs/statistics_msgs/msg/detail/statistic_data_point__struct.hpp:27:11:[m[K [01;36m[Knote: [m[K  â€˜[01m[Kstatistics_msgs::msg[m[Kâ€™
[2.686s]    27 | namespace [01;36m[Kmsg[m[K
[2.686s]       |           [01;36m[K^~~[m[K
[2.686s] In file included from [01m[K/opt/ros/humble/include/std_msgs/std_msgs/msg/detail/multi_array_layout__struct.hpp:20[m[K,
[2.686s]                  from [01m[K/opt/ros/humble/include/std_msgs/std_msgs/msg/detail/int8_multi_array__struct.hpp:20[m[K,
[2.686s]                  from [01m[K/opt/ros/humble/include/std_msgs/std_msgs/msg/int8_multi_array.hpp:7[m[K,
[2.686s]                  from [01m[K/home/daguill/my_ws/src/c_arith/src/sum.cpp:6[m[K:
[2.687s] [01m[K/opt/ros/humble/include/std_msgs/std_msgs/msg/detail/multi_array_dimension__struct.hpp:27:11:[m[K [01;36m[Knote: [m[K  â€˜[01m[Kstd_msgs::msg[m[Kâ€™
[2.687s]    27 | namespace [01;36m[Kmsg[m[K
[2.687s]       |           [01;36m[K^~~[m[K
[3.204s] gmake[2]: *** [CMakeFiles/sum_array.dir/build.make:76: CMakeFiles/sum_array.dir/src/sum.cpp.o] Error 1
[3.204s] gmake[1]: *** [CMakeFiles/Makefile2:137: CMakeFiles/sum_array.dir/all] Error 2
[3.204s] gmake: *** [Makefile:146: all] Error 2
[3.206s] Invoked command in '/home/daguill/my_ws/build/c_arith' returned '2': CMAKE_PREFIX_PATH=/opt/ros/humble /usr/bin/cmake --build /home/daguill/my_ws/build/c_arith -- -j12 -l12
