[0.008s] Invoking command in '/home/daguill/my_ws/build/c_int': CMAKE_PREFIX_PATH=${CMAKE_PREFIX_PATH}:/home/daguill/my_ws/install/p_pckg:/opt/ros/humble /usr/bin/cmake --build /home/daguill/my_ws/build/c_int -- -j12 -l12
[0.038s] [35m[1mConsolidate compiler generated dependencies of target pub_array[0m
[0.049s] [ 50%] [32mBuilding CXX object CMakeFiles/pub_array.dir/src/array_pub.cpp.o[0m
[1.818s] In file included from [01m[K/opt/ros/humble/include/rclcpp/rclcpp/logging.hpp:24[m[K,
[1.818s]                  from [01m[K/opt/ros/humble/include/rclcpp/rclcpp/client.hpp:40[m[K,
[1.818s]                  from [01m[K/opt/ros/humble/include/rclcpp/rclcpp/callback_group.hpp:24[m[K,
[1.818s]                  from [01m[K/opt/ros/humble/include/rclcpp/rclcpp/any_executable.hpp:20[m[K,
[1.818s]                  from [01m[K/opt/ros/humble/include/rclcpp/rclcpp/memory_strategy.hpp:25[m[K,
[1.818s]                  from [01m[K/opt/ros/humble/include/rclcpp/rclcpp/memory_strategies.hpp:18[m[K,
[1.818s]                  from [01m[K/opt/ros/humble/include/rclcpp/rclcpp/executor_options.hpp:20[m[K,
[1.818s]                  from [01m[K/opt/ros/humble/include/rclcpp/rclcpp/executor.hpp:37[m[K,
[1.819s]                  from [01m[K/opt/ros/humble/include/rclcpp/rclcpp/executors/multi_threaded_executor.hpp:25[m[K,
[1.819s]                  from [01m[K/opt/ros/humble/include/rclcpp/rclcpp/executors.hpp:21[m[K,
[1.819s]                  from [01m[K/opt/ros/humble/include/rclcpp/rclcpp/rclcpp.hpp:155[m[K,
[1.819s]                  from [01m[K/home/daguill/my_ws/src/c_int/src/array_pub.cpp:6[m[K:
[1.819s] [01m[K/home/daguill/my_ws/src/c_int/src/array_pub.cpp:[m[K In member function â€˜[01m[Kvoid ArrayPublisher::timer_callback()[m[Kâ€™:
[1.819s] [01m[K/home/daguill/my_ws/src/c_int/src/array_pub.cpp:31:51:[m[K [01;31m[Kerror: [m[Kcannot convert â€˜[01m[Kstd::__cxx11::basic_string<char>[m[Kâ€™ to â€˜[01m[Kconst char*[m[Kâ€™
[1.819s]    31 | get_logger(), [01;31m[K"Publishing:" + std::to_string(a)[m[K);
[1.819s]       |               [01;31m[K~~~~~~~~~~~~~~^~~~~~~~~~~~~~~~~~~[m[K
[1.819s]       |                             [01;31m[K|[m[K
[1.819s]       |                             [01;31m[Kstd::__cxx11::basic_string<char>[m[K
[1.819s] 
[1.819s] In file included from [01m[K/opt/ros/humble/include/rmw/rmw/types.h:28[m[K,
[1.819s]                  from [01m[K/opt/ros/humble/include/rcl/rcl/types.h:20[m[K,
[1.819s]                  from [01m[K/opt/ros/humble/include/rcl/rcl/log_level.h:22[m[K,
[1.819s]                  from [01m[K/opt/ros/humble/include/rcl/rcl/arguments.h:21[m[K,
[1.819s]                  from [01m[K/opt/ros/humble/include/rcl/rcl/context.h:28[m[K,
[1.819s]                  from [01m[K/opt/ros/humble/include/rcl/rcl/guard_condition.h:26[m[K,
[1.819s]                  from [01m[K/opt/ros/humble/include/rclcpp/rclcpp/executor.hpp:30[m[K,
[1.819s]                  from [01m[K/opt/ros/humble/include/rclcpp/rclcpp/executors/multi_threaded_executor.hpp:25[m[K,
[1.819s]                  from [01m[K/opt/ros/humble/include/rclcpp/rclcpp/executors.hpp:21[m[K,
[1.819s]                  from [01m[K/opt/ros/humble/include/rclcpp/rclcpp/rclcpp.hpp:155[m[K,
[1.819s]                  from [01m[K/home/daguill/my_ws/src/c_int/src/array_pub.cpp:6[m[K:
[1.819s] [01m[K/opt/ros/humble/include/rcutils/rcutils/logging.h:479:16:[m[K [01;36m[Knote: [m[K  initializing argument 4 of â€˜[01m[Kvoid rcutils_log(const rcutils_log_location_t*, int, const char*, const char*, ...)[m[Kâ€™
[1.819s]   479 |   [01;36m[Kconst char * format[m[K,
[1.819s]       |   [01;36m[K~~~~~~~~~~~~~^~~~~~[m[K
[2.459s] gmake[2]: *** [CMakeFiles/pub_array.dir/build.make:76: CMakeFiles/pub_array.dir/src/array_pub.cpp.o] Error 1
[2.459s] gmake[1]: *** [CMakeFiles/Makefile2:137: CMakeFiles/pub_array.dir/all] Error 2
[2.459s] gmake: *** [Makefile:146: all] Error 2
[2.461s] Invoked command in '/home/daguill/my_ws/build/c_int' returned '2': CMAKE_PREFIX_PATH=${CMAKE_PREFIX_PATH}:/home/daguill/my_ws/install/p_pckg:/opt/ros/humble /usr/bin/cmake --build /home/daguill/my_ws/build/c_int -- -j12 -l12
