[35m[1mConsolidate compiler generated dependencies of target sub_array[0m
[ 50%] Built target pub_array
[ 75%] [32mBuilding CXX object CMakeFiles/sub_array.dir/src/array_sub.cpp.o[0m
In file included from [01m[K/opt/ros/humble/include/rclcpp/rclcpp/logging.hpp:24[m[K,
                 from [01m[K/opt/ros/humble/include/rclcpp/rclcpp/client.hpp:40[m[K,
                 from [01m[K/opt/ros/humble/include/rclcpp/rclcpp/callback_group.hpp:24[m[K,
                 from [01m[K/opt/ros/humble/include/rclcpp/rclcpp/any_executable.hpp:20[m[K,
                 from [01m[K/opt/ros/humble/include/rclcpp/rclcpp/memory_strategy.hpp:25[m[K,
                 from [01m[K/opt/ros/humble/include/rclcpp/rclcpp/memory_strategies.hpp:18[m[K,
                 from [01m[K/opt/ros/humble/include/rclcpp/rclcpp/executor_options.hpp:20[m[K,
                 from [01m[K/opt/ros/humble/include/rclcpp/rclcpp/executor.hpp:37[m[K,
                 from [01m[K/opt/ros/humble/include/rclcpp/rclcpp/executors/multi_threaded_executor.hpp:25[m[K,
                 from [01m[K/opt/ros/humble/include/rclcpp/rclcpp/executors.hpp:21[m[K,
                 from [01m[K/opt/ros/humble/include/rclcpp/rclcpp/rclcpp.hpp:155[m[K,
                 from [01m[K/home/daguill/my_ws/src/c_int/src/array_sub.cpp:5[m[K:
[01m[K/home/daguill/my_ws/src/c_int/src/array_sub.cpp:[m[K In member function â€˜[01m[Kvoid ArraySuscriber::topic_callback(const Int8MultiArray&) const[m[Kâ€™:
[01m[K/home/daguill/my_ws/src/c_int/src/array_sub.cpp:23:57:[m[K [01;31m[Kerror: [m[Kno match for call to â€˜[01m[K(const Int8MultiArray {aka const std_msgs::msg::Int8MultiArray_<std::allocator<void> >}) (int)[m[Kâ€™
   23 |     RCLCPP_INFO(this->get_logger(), "I heard: '%s'", [01;31m[Kmsg(0)[m[K.data.c_str());
      |                                                      [01;31m[K~~~^~~[m[K
gmake[2]: *** [CMakeFiles/sub_array.dir/build.make:76: CMakeFiles/sub_array.dir/src/array_sub.cpp.o] Error 1
gmake[1]: *** [CMakeFiles/Makefile2:165: CMakeFiles/sub_array.dir/all] Error 2
gmake: *** [Makefile:146: all] Error 2
