[0.008s] Invoking command in '/home/daguill/my_ws/build/c_int': CMAKE_PREFIX_PATH=/opt/ros/humble /usr/bin/cmake --build /home/daguill/my_ws/build/c_int -- -j12 -l12
[0.040s] [35m[1mConsolidate compiler generated dependencies of target pub_array[0m
[0.051s] [ 50%] [32mBuilding CXX object CMakeFiles/pub_array.dir/src/array_pub.cpp.o[0m
[1.769s] [01m[K/home/daguill/my_ws/src/c_int/src/array_pub.cpp:16:3:[m[K [01;31m[Kerror: [m[Kexpected unqualified-id before â€˜[01m[K{[m[Kâ€™ token
[1.769s]    16 |   [01;31m[K{[m[K
[1.769s]       |   [01;31m[K^[m[K
[1.769s] [01m[K/home/daguill/my_ws/src/c_int/src/array_pub.cpp:[m[K In constructor â€˜[01m[KArrayPublisher::ArrayPublisher()[m[Kâ€™:
[1.769s] [01m[K/home/daguill/my_ws/src/c_int/src/array_pub.cpp:15:28:[m[K [01;31m[Kerror: [m[Kclass â€˜[01m[KArrayPublisher[m[Kâ€™ does not have any field named â€˜[01m[Ka[m[Kâ€™
[1.769s]    15 |   : Node("ArrayPublisher"),[01;31m[Ka[m[K=0,b=0,c=0;
[1.769s]       |                            [01;31m[K^[m[K
[1.769s] [01m[K/home/daguill/my_ws/src/c_int/src/array_pub.cpp:15:29:[m[K [01;31m[Kerror: [m[Kexpected â€˜[01m[K([m[Kâ€™ before â€˜[01m[K=[m[Kâ€™ token
[1.769s]    15 |   : Node("ArrayPublisher"),a[01;31m[K=[m[K0,b=0,c=0;
[1.769s]       |                             [01;31m[K^[m[K
[1.770s] [01m[K/home/daguill/my_ws/src/c_int/src/array_pub.cpp:15:29:[m[K [01;31m[Kerror: [m[Kexpected â€˜[01m[K{[m[Kâ€™ before â€˜[01m[K=[m[Kâ€™ token
[1.773s] [01m[K/home/daguill/my_ws/src/c_int/src/array_pub.cpp:[m[K In member function â€˜[01m[Kvoid ArrayPublisher::timer_callback()[m[Kâ€™:
[1.773s] [01m[K/home/daguill/my_ws/src/c_int/src/array_pub.cpp:26:55:[m[K [01;31m[Kerror: [m[Kâ€˜[01m[Ka[m[Kâ€™ was not declared in this scope
[1.773s]    26 |     message.data = "Array values : " + std::to_string([01;31m[Ka[m[K) + std::to_string(a) + std::to_string(a);
[1.773s]       |                                                       [01;31m[K^[m[K
[1.773s] In file included from [01m[K/opt/ros/humble/include/rclcpp/rclcpp/logging.hpp:24[m[K,
[1.773s]                  from [01m[K/opt/ros/humble/include/rclcpp/rclcpp/client.hpp:40[m[K,
[1.773s]                  from [01m[K/opt/ros/humble/include/rclcpp/rclcpp/callback_group.hpp:24[m[K,
[1.773s]                  from [01m[K/opt/ros/humble/include/rclcpp/rclcpp/any_executable.hpp:20[m[K,
[1.773s]                  from [01m[K/opt/ros/humble/include/rclcpp/rclcpp/memory_strategy.hpp:25[m[K,
[1.773s]                  from [01m[K/opt/ros/humble/include/rclcpp/rclcpp/memory_strategies.hpp:18[m[K,
[1.773s]                  from [01m[K/opt/ros/humble/include/rclcpp/rclcpp/executor_options.hpp:20[m[K,
[1.774s]                  from [01m[K/opt/ros/humble/include/rclcpp/rclcpp/executor.hpp:37[m[K,
[1.774s]                  from [01m[K/opt/ros/humble/include/rclcpp/rclcpp/executors/multi_threaded_executor.hpp:25[m[K,
[1.774s]                  from [01m[K/opt/ros/humble/include/rclcpp/rclcpp/executors.hpp:21[m[K,
[1.774s]                  from [01m[K/opt/ros/humble/include/rclcpp/rclcpp/rclcpp.hpp:155[m[K,
[1.774s]                  from [01m[K/home/daguill/my_ws/src/c_int/src/array_pub.cpp:6[m[K:
[1.774s] [01m[K/home/daguill/my_ws/src/c_int/src/array_pub.cpp:27:70:[m[K [01;31m[Kerror: [m[Kâ€˜[01m[Kusing _data_type = class std::vector<signed char, std::allocator<signed char> >[m[Kâ€™ {aka â€˜[01m[Kclass std::vector<signed char, std::allocator<signed char> >[m[Kâ€™} has no member named â€˜[01m[Kc_str[m[Kâ€™
[1.774s]    27 |     RCLCPP_INFO(this->get_logger(), "Publishing: '%s'", message.data.[01;31m[Kc_str[m[K());
[1.774s]       |                                                                      [01;31m[K^~~~~[m[K
[1.778s] [01m[K/home/daguill/my_ws/src/c_int/src/array_pub.cpp:28:5:[m[K [01;31m[Kerror: [m[Kâ€˜[01m[Kpublisher_[m[Kâ€™ was not declared in this scope; did you mean â€˜[01m[Krmw_publisher_t[m[Kâ€™?
[1.778s]    28 |     [01;31m[Kpublisher_[m[K->publish(message);
[1.778s]       |     [01;31m[K^~~~~~~~~~[m[K
[1.778s]       |     [32m[Krmw_publisher_t[m[K
[1.780s] [01m[K/home/daguill/my_ws/src/c_int/src/array_pub.cpp:30:5:[m[K [01;31m[Kerror: [m[Kâ€˜[01m[Kc[m[Kâ€™ was not declared in this scope
[1.780s]    30 |     [01;31m[Kc[m[K++;
[1.781s]       |     [01;31m[K^[m[K
[2.126s] gmake[2]: *** [CMakeFiles/pub_array.dir/build.make:76: CMakeFiles/pub_array.dir/src/array_pub.cpp.o] Error 1
[2.126s] gmake[1]: *** [CMakeFiles/Makefile2:137: CMakeFiles/pub_array.dir/all] Error 2
[2.126s] gmake: *** [Makefile:146: all] Error 2
[2.128s] Invoked command in '/home/daguill/my_ws/build/c_int' returned '2': CMAKE_PREFIX_PATH=/opt/ros/humble /usr/bin/cmake --build /home/daguill/my_ws/build/c_int -- -j12 -l12
