[0.009s] Invoking command in '/home/daguill/my_ws/build/c_int': CMAKE_PREFIX_PATH=${CMAKE_PREFIX_PATH}:/home/daguill/my_ws/install/p_pckg:/opt/ros/humble /usr/bin/cmake --build /home/daguill/my_ws/build/c_int -- -j12 -l12
[0.040s] [35m[1mConsolidate compiler generated dependencies of target pub_array[0m
[0.052s] [ 50%] [32mBuilding CXX object CMakeFiles/pub_array.dir/src/array_pub.cpp.o[0m
[1.833s] [01m[K/home/daguill/my_ws/src/c_int/src/array_pub.cpp:14:3:[m[K [01;31m[Kerror: [m[KISO C++ forbids declaration of â€˜[01m[KArrayPublisher[m[Kâ€™ with no type [[01;31m[K]8;;https://gcc.gnu.org/onlinedocs/gcc/Warning-Options.html#index-fpermissive-fpermissive]8;;[m[K]
[1.833s]    14 |   [01;31m[KArrayPublisher[m[K()
[1.833s]       |   [01;31m[K^~~~~~~~~~~~~~[m[K
[1.833s] [01m[K/home/daguill/my_ws/src/c_int/src/array_pub.cpp:34:36:[m[K [01;31m[Kerror: [m[Kâ€˜[01m[KString[m[Kâ€™ is not a member of â€˜[01m[Kstd_msgs::msg[m[Kâ€™
[1.833s]    34 |   rclcpp::Publisher<std_msgs::msg::[01;31m[KString[m[K>::SharedPtr publisher_;
[1.833s]       |                                    [01;31m[K^~~~~~[m[K
[1.833s] [01m[K/home/daguill/my_ws/src/c_int/src/array_pub.cpp:34:42:[m[K [01;31m[Kerror: [m[Ktemplate argument 1 is invalid
[1.833s]    34 |   rclcpp::Publisher<std_msgs::msg::String[01;31m[K>[m[K::SharedPtr publisher_;
[1.834s]       |                                          [01;31m[K^[m[K
[1.834s] [01m[K/home/daguill/my_ws/src/c_int/src/array_pub.cpp:34:45:[m[K [01;31m[Kerror: [m[Kexpected â€˜[01m[K;[m[Kâ€™ at end of member declaration
[1.834s]    34 |   rclcpp::Publisher<std_msgs::msg::String>::[01;31m[KSharedPtr[m[K publisher_;
[1.834s]       |                                             [01;31m[K^~~~~~~~~[m[K
[1.834s]       |                                                      [32m[K;[m[K
[1.836s] [01m[K/home/daguill/my_ws/src/c_int/src/array_pub.cpp:34:55:[m[K [01;31m[Kerror: [m[Kâ€˜[01m[Kpublisher_[m[Kâ€™ does not name a type; did you mean â€˜[01m[Krmw_publisher_t[m[Kâ€™?
[1.836s]    34 |   rclcpp::Publisher<std_msgs::msg::String>::SharedPtr [01;31m[Kpublisher_[m[K;
[1.836s]       |                                                       [01;31m[K^~~~~~~~~~[m[K
[1.836s]       |                                                       [32m[Krmw_publisher_t[m[K
[1.836s] [01m[K/home/daguill/my_ws/src/c_int/src/array_pub.cpp:[m[K In member function â€˜[01m[Kint MinimalPublisher::ArrayPublisher()[m[Kâ€™:
[1.836s] [01m[K/home/daguill/my_ws/src/c_int/src/array_pub.cpp:15:5:[m[K [01;31m[Kerror: [m[Konly constructors take member initializers
[1.836s]    15 |   : [01;31m[KNode[m[K("ArrayPublisher")
[1.836s]       |     [01;31m[K^~~~[m[K
[1.841s] [01m[K/home/daguill/my_ws/src/c_int/src/array_pub.cpp:17:5:[m[K [01;31m[Kerror: [m[Kâ€˜[01m[Kpublisher_[m[Kâ€™ was not declared in this scope; did you mean â€˜[01m[Krmw_publisher_t[m[Kâ€™?
[1.841s]    17 |     [01;31m[Kpublisher_[m[K = this->create_publisher<std_msgs::msg::Int8MultiArray>("Auza_array", 10);
[1.841s]       |     [01;31m[K^~~~~~~~~~[m[K
[1.841s]       |     [32m[Krmw_publisher_t[m[K
[1.855s] [01m[K/home/daguill/my_ws/src/c_int/src/array_pub.cpp:20:5:[m[K [01;31m[Kerror: [m[Kâ€˜[01m[Ka[m[Kâ€™ was not declared in this scope
[1.855s]    20 |     [01;31m[Ka[m[K=0;b=0;c=0;
[1.855s]       |     [01;31m[K^[m[K
[1.858s] [01m[K/home/daguill/my_ws/src/c_int/src/array_pub.cpp:20:9:[m[K [01;31m[Kerror: [m[Kâ€˜[01m[Kb[m[Kâ€™ was not declared in this scope
[1.858s]    20 |     a=0;[01;31m[Kb[m[K=0;c=0;
[1.858s]       |         [01;31m[K^[m[K
[1.860s] [01m[K/home/daguill/my_ws/src/c_int/src/array_pub.cpp:20:13:[m[K [01;31m[Kerror: [m[Kâ€˜[01m[Kc[m[Kâ€™ was not declared in this scope
[1.860s]    20 |     a=0;b=0;[01;31m[Kc[m[K=0;
[1.860s]       |             [01;31m[K^[m[K
[1.861s] [01m[K/home/daguill/my_ws/src/c_int/src/array_pub.cpp:21:3:[m[K [01;35m[Kwarning: [m[Kno return statement in function returning non-void [[01;35m[K]8;;https://gcc.gnu.org/onlinedocs/gcc/Warning-Options.html#index-Wreturn-type-Wreturn-type]8;;[m[K]
[1.861s]    21 |   [01;35m[K}[m[K
[1.861s]       |   [01;35m[K^[m[K
[1.863s] [01m[K/home/daguill/my_ws/src/c_int/src/array_pub.cpp:[m[K In member function â€˜[01m[Kvoid MinimalPublisher::timer_callback()[m[Kâ€™:
[1.863s] [01m[K/home/daguill/my_ws/src/c_int/src/array_pub.cpp:27:55:[m[K [01;31m[Kerror: [m[Kâ€˜[01m[Ka[m[Kâ€™ was not declared in this scope
[1.863s]    27 |     message.data = "Array values : " + std::to_string([01;31m[Ka[m[K) + std::to_string(a) + std::to_string(a);
[1.863s]       |                                                       [01;31m[K^[m[K
[1.864s] In file included from [01m[K/opt/ros/humble/include/rclcpp/rclcpp/logging.hpp:24[m[K,
[1.864s]                  from [01m[K/opt/ros/humble/include/rclcpp/rclcpp/client.hpp:40[m[K,
[1.864s]                  from [01m[K/opt/ros/humble/include/rclcpp/rclcpp/callback_group.hpp:24[m[K,
[1.864s]                  from [01m[K/opt/ros/humble/include/rclcpp/rclcpp/any_executable.hpp:20[m[K,
[1.864s]                  from [01m[K/opt/ros/humble/include/rclcpp/rclcpp/memory_strategy.hpp:25[m[K,
[1.864s]                  from [01m[K/opt/ros/humble/include/rclcpp/rclcpp/memory_strategies.hpp:18[m[K,
[1.864s]                  from [01m[K/opt/ros/humble/include/rclcpp/rclcpp/executor_options.hpp:20[m[K,
[1.864s]                  from [01m[K/opt/ros/humble/include/rclcpp/rclcpp/executor.hpp:37[m[K,
[1.864s]                  from [01m[K/opt/ros/humble/include/rclcpp/rclcpp/executors/multi_threaded_executor.hpp:25[m[K,
[1.864s]                  from [01m[K/opt/ros/humble/include/rclcpp/rclcpp/executors.hpp:21[m[K,
[1.864s]                  from [01m[K/opt/ros/humble/include/rclcpp/rclcpp/rclcpp.hpp:155[m[K,
[1.864s]                  from [01m[K/home/daguill/my_ws/src/c_int/src/array_pub.cpp:6[m[K:
[1.864s] [01m[K/home/daguill/my_ws/src/c_int/src/array_pub.cpp:28:70:[m[K [01;31m[Kerror: [m[Kâ€˜[01m[Kusing _data_type = class std::vector<signed char, std::allocator<signed char> >[m[Kâ€™ {aka â€˜[01m[Kclass std::vector<signed char, std::allocator<signed char> >[m[Kâ€™} has no member named â€˜[01m[Kc_str[m[Kâ€™
[1.864s]    28 |     RCLCPP_INFO(this->get_logger(), "Publishing: '%s'", message.data.[01;31m[Kc_str[m[K());
[1.864s]       |                                                                      [01;31m[K^~~~~[m[K
[1.868s] [01m[K/home/daguill/my_ws/src/c_int/src/array_pub.cpp:29:5:[m[K [01;31m[Kerror: [m[Kâ€˜[01m[Kpublisher_[m[Kâ€™ was not declared in this scope; did you mean â€˜[01m[Krmw_publisher_t[m[Kâ€™?
[1.868s]    29 |     [01;31m[Kpublisher_[m[K->publish(message);
[1.868s]       |     [01;31m[K^~~~~~~~~~[m[K
[1.868s]       |     [32m[Krmw_publisher_t[m[K
[1.871s] [01m[K/home/daguill/my_ws/src/c_int/src/array_pub.cpp:31:5:[m[K [01;31m[Kerror: [m[Kâ€˜[01m[Kc[m[Kâ€™ was not declared in this scope
[1.871s]    31 |     [01;31m[Kc[m[K++;
[1.871s]       |     [01;31m[K^[m[K
[1.874s] [01m[K/home/daguill/my_ws/src/c_int/src/array_pub.cpp:[m[K In function â€˜[01m[Kint main(int, char**)[m[Kâ€™:
[1.874s] [01m[K/home/daguill/my_ws/src/c_int/src/array_pub.cpp:40:33:[m[K [01;31m[Kerror: [m[Kâ€˜[01m[KArrayPublisher[m[Kâ€™ was not declared in this scope; did you mean â€˜[01m[KMinimalPublisher[m[Kâ€™?
[1.874s]    40 |   rclcpp::spin(std::make_shared<[01;31m[KArrayPublisher[m[K>());
[1.874s]       |                                 [01;31m[K^~~~~~~~~~~~~~[m[K
[1.874s]       |                                 [32m[KMinimalPublisher[m[K
[1.874s] [01m[K/home/daguill/my_ws/src/c_int/src/array_pub.cpp:40:48:[m[K [01;31m[Kerror: [m[Kno matching function for call to â€˜[01m[Kmake_shared<<expression error> >()[m[Kâ€™
[1.874s]    40 |   rclcpp::spin([01;31m[Kstd::make_shared<ArrayPublisher>()[m[K);
[1.874s]       |                [01;31m[K~~~~~~~~~~~~~~~~~~~~~~~~~~~~~~~~^~[m[K
[1.875s] In file included from [01m[K/usr/include/c++/11/memory:77[m[K,
[1.875s]                  from [01m[K/home/daguill/my_ws/src/c_int/src/array_pub.cpp:3[m[K:
[1.875s] [01m[K/usr/include/c++/11/bits/shared_ptr.h:875:5:[m[K [01;36m[Knote: [m[Kcandidate: â€˜[01m[Ktemplate<class _Tp, class ... _Args> std::shared_ptr<_Tp> std::make_shared(_Args&& ...)[m[Kâ€™
[1.875s]   875 |     [01;36m[Kmake_shared[m[K(_Args&&... __args)
[1.875s]       |     [01;36m[K^~~~~~~~~~~[m[K
[1.875s] [01m[K/usr/include/c++/11/bits/shared_ptr.h:875:5:[m[K [01;36m[Knote: [m[K  template argument deduction/substitution failed:
[1.875s] [01m[K/home/daguill/my_ws/src/c_int/src/array_pub.cpp:40:48:[m[K [01;31m[Kerror: [m[Ktemplate argument 1 is invalid
[1.875s]    40 |   rclcpp::spin([01;31m[Kstd::make_shared<ArrayPublisher>()[m[K);
[1.875s]       |                [01;31m[K~~~~~~~~~~~~~~~~~~~~~~~~~~~~~~~~^~[m[K
[2.419s] gmake[2]: *** [CMakeFiles/pub_array.dir/build.make:76: CMakeFiles/pub_array.dir/src/array_pub.cpp.o] Error 1
[2.419s] gmake[1]: *** [CMakeFiles/Makefile2:137: CMakeFiles/pub_array.dir/all] Error 2
[2.419s] gmake: *** [Makefile:146: all] Error 2
[2.421s] Invoked command in '/home/daguill/my_ws/build/c_int' returned '2': CMAKE_PREFIX_PATH=${CMAKE_PREFIX_PATH}:/home/daguill/my_ws/install/p_pckg:/opt/ros/humble /usr/bin/cmake --build /home/daguill/my_ws/build/c_int -- -j12 -l12
